2025/03/19 20:02:26 socat[35190] N PTY is /dev/pts/2
2025/03/19 20:02:26 socat[35190] N PTY is /dev/pts/3
2025/03/19 20:02:26 socat[35190] N starting data transfer loop with FDs [5,5] and [7,7]
2025/03/19 20:02:37 socat[35190] N write(5, 0x642854677000, 11) completed
2025/03/19 20:02:38 socat[35190] N write(5, 0x642854677000, 11) completed
2025/03/19 20:02:39 socat[35190] N write(5, 0x642854677000, 11) completed
2025/03/19 20:02:40 socat[35190] N write(5, 0x642854677000, 11) completed
2025/03/19 20:02:41 socat[35190] N write(5, 0x642854677000, 11) completed
2025/03/19 20:02:42 socat[35190] N write(5, 0x642854677000, 11) completed
2025/03/19 20:02:43 socat[35190] N write(5, 0x642854677000, 11) completed
2025/03/19 20:02:44 socat[35190] N write(5, 0x642854677000, 11) completed
2025/03/19 20:02:45 socat[35190] N write(5, 0x642854677000, 11) completed
2025/03/19 20:02:46 socat[35190] N write(5, 0x642854677000, 11) completed
2025/03/19 20:02:47 socat[35190] N write(5, 0x642854677000, 11) completed
2025/03/19 20:02:48 socat[35190] N write(5, 0x642854677000, 11) completed
2025/03/19 20:02:49 socat[35190] N write(5, 0x642854677000, 11) completed
2025/03/19 20:02:50 socat[35190] N write(5, 0x642854677000, 11) completed
2025/03/19 20:02:51 socat[35190] N write(5, 0x642854677000, 11) completed
2025/03/19 20:02:52 socat[35190] N write(5, 0x642854677000, 11) completed
2025/03/19 20:02:53 socat[35190] N write(5, 0x642854677000, 11) completed
2025/03/19 20:02:54 socat[35190] N write(5, 0x642854677000, 11) completed
2025/03/19 20:02:55 socat[35190] N write(5, 0x642854677000, 11) completed
2025/03/19 20:02:56 socat[35190] N write(5, 0x642854677000, 11) completed
2025/03/19 20:02:57 socat[35190] N write(5, 0x642854677000, 11) completed
2025/03/19 20:02:58 socat[35190] N write(5, 0x642854677000, 11) completed
2025/03/19 20:02:59 socat[35190] N write(5, 0x642854677000, 11) completed
2025/03/19 20:03:00 socat[35190] N write(5, 0x642854677000, 11) completed
2025/03/19 20:03:01 socat[35190] N write(5, 0x642854677000, 11) completed
2025/03/19 20:03:02 socat[35190] N write(5, 0x642854677000, 11) completed
2025/03/19 20:03:03 socat[35190] N write(5, 0x642854677000, 11) completed
2025/03/19 20:03:04 socat[35190] N write(5, 0x642854677000, 11) completed
2025/03/19 20:03:05 socat[35190] N write(5, 0x642854677000, 11) completed
2025/03/19 20:03:06 socat[35190] N write(5, 0x642854677000, 11) completed
2025/03/19 20:03:07 socat[35190] N write(5, 0x642854677000, 11) completed
2025/03/19 20:03:08 socat[35190] N write(5, 0x642854677000, 11) completed
2025/03/19 20:03:09 socat[35190] N write(5, 0x642854677000, 11) completed
2025/03/19 20:03:10 socat[35190] N write(5, 0x642854677000, 11) completed
2025/03/19 20:03:11 socat[35190] N write(5, 0x642854677000, 11) completed
2025/03/19 20:03:12 socat[35190] N write(5, 0x642854677000, 11) completed
2025/03/19 20:03:13 socat[35190] N write(5, 0x642854677000, 11) completed
2025/03/19 20:03:14 socat[35190] N write(5, 0x642854677000, 11) completed
2025/03/19 20:03:15 socat[35190] N write(5, 0x642854677000, 11) completed
2025/03/19 20:03:16 socat[35190] N write(5, 0x642854677000, 11) completed
2025/03/19 20:03:17 socat[35190] N write(5, 0x642854677000, 11) completed
2025/03/19 20:03:18 socat[35190] N write(5, 0x642854677000, 11) completed
2025/03/19 20:03:19 socat[35190] N write(5, 0x642854677000, 11) completed
2025/03/19 20:03:20 socat[35190] N write(5, 0x642854677000, 11) completed
2025/03/19 20:04:36 socat[37849] N PTY is /dev/pts/11
2025/03/19 20:04:36 socat[37849] N PTY is /dev/pts/12
2025/03/19 20:04:36 socat[37849] N starting data transfer loop with FDs [5,5] and [7,7]
2025/03/19 20:04:55 socat[35190] N socat_signal(): handling signal 15
2025/03/19 20:04:55 socat[37849] N socat_signal(): handling signal 15
2025/03/19 20:04:55 socat[35190] W exiting on signal 15
2025/03/19 20:04:55 socat[35190] N socat_signal(): finishing signal 15
2025/03/19 20:04:55 socat[37849] W exiting on signal 15
2025/03/19 20:04:55 socat[35190] N exit(143)
2025/03/19 20:04:55 socat[37849] N socat_signal(): finishing signal 15
2025/03/19 20:04:55 socat[37849] N exit(143)
2025/03/19 20:05:16 socat[39460] N PTY is /dev/pts/2
2025/03/19 20:05:16 socat[39460] N PTY is /dev/pts/3
2025/03/19 20:05:16 socat[39460] N starting data transfer loop with FDs [5,5] and [7,7]
2025/03/19 20:06:42 socat[39460] N write(5, 0x585fa0cd4000, 11) completed
2025/03/19 20:11:02 socat[39460] N socat_signal(): handling signal 15
2025/03/19 20:11:02 socat[39460] W exiting on signal 15
2025/03/19 20:11:02 socat[39460] N socat_signal(): finishing signal 15
2025/03/19 20:11:02 socat[39460] N exit(143)
2025/03/19 20:12:08 socat[43765] N PTY is /dev/pts/3
2025/03/19 20:12:08 socat[43765] N PTY is /dev/pts/11
2025/03/19 20:12:08 socat[43765] N starting data transfer loop with FDs [5,5] and [7,7]
2025/03/19 20:12:15 socat[43765] N socat_signal(): handling signal 15
2025/03/19 20:12:15 socat[43765] W exiting on signal 15
2025/03/19 20:12:15 socat[43765] N socat_signal(): finishing signal 15
2025/03/19 20:12:15 socat[43765] N exit(143)
2025/03/19 20:12:26 socat[44002] N PTY is /dev/pts/3
2025/03/19 20:12:26 socat[44002] N PTY is /dev/pts/11
2025/03/19 20:12:26 socat[44002] N starting data transfer loop with FDs [5,5] and [7,7]
2025/03/19 20:12:31 socat[44002] N socat_signal(): handling signal 15
2025/03/19 20:12:31 socat[44002] W exiting on signal 15
2025/03/19 20:12:31 socat[44002] N socat_signal(): finishing signal 15
2025/03/19 20:12:31 socat[44002] N exit(143)
2025/03/19 20:14:26 socat[45144] N PTY is /dev/pts/3
2025/03/19 20:14:26 socat[45144] N PTY is /dev/pts/11
2025/03/19 20:14:26 socat[45144] N starting data transfer loop with FDs [5,5] and [7,7]
2025/03/19 20:14:31 socat[45144] N socat_signal(): handling signal 15
2025/03/19 20:14:31 socat[45144] W exiting on signal 15
2025/03/19 20:14:31 socat[45144] N socat_signal(): finishing signal 15
2025/03/19 20:14:31 socat[45144] N exit(143)
2025/03/19 20:14:46 socat[45417] N PTY is /dev/pts/3
2025/03/19 20:14:46 socat[45417] N PTY is /dev/pts/11
2025/03/19 20:14:46 socat[45417] N starting data transfer loop with FDs [5,5] and [7,7]
2025/03/19 20:14:58 socat[45417] N write(7, 0x5d562ac72000, 11) completed
2025/03/19 20:14:59 socat[45417] N write(7, 0x5d562ac72000, 11) completed
2025/03/19 20:15:00 socat[45417] N write(7, 0x5d562ac72000, 11) completed
2025/03/19 20:15:01 socat[45417] N write(7, 0x5d562ac72000, 11) completed
2025/03/19 20:15:02 socat[45417] N write(7, 0x5d562ac72000, 11) completed
2025/03/19 20:15:03 socat[45417] N write(7, 0x5d562ac72000, 11) completed
2025/03/19 20:15:04 socat[45417] N write(7, 0x5d562ac72000, 11) completed
2025/03/19 20:15:05 socat[45417] N write(7, 0x5d562ac72000, 11) completed
2025/03/19 20:15:06 socat[45417] N write(7, 0x5d562ac72000, 11) completed
2025/03/19 20:15:07 socat[45417] N write(7, 0x5d562ac72000, 11) completed
2025/03/19 20:15:08 socat[45417] N write(7, 0x5d562ac72000, 11) completed
2025/03/19 20:15:09 socat[45417] N write(7, 0x5d562ac72000, 11) completed
2025/03/19 20:15:10 socat[45417] N write(7, 0x5d562ac72000, 11) completed
2025/03/19 20:15:11 socat[45417] N write(7, 0x5d562ac72000, 11) completed
2025/03/19 20:15:12 socat[45417] N write(7, 0x5d562ac72000, 11) completed
2025/03/19 20:15:13 socat[45417] N write(7, 0x5d562ac72000, 11) completed
2025/03/19 20:15:14 socat[45417] N write(7, 0x5d562ac72000, 11) completed
2025/03/19 20:15:15 socat[45417] N write(7, 0x5d562ac72000, 11) completed
2025/03/19 20:15:16 socat[45417] N write(7, 0x5d562ac72000, 11) completed
2025/03/19 20:15:17 socat[45417] N write(7, 0x5d562ac72000, 11) completed
2025/03/19 20:15:18 socat[45417] N write(7, 0x5d562ac72000, 11) completed
2025/03/19 20:15:19 socat[45417] N write(7, 0x5d562ac72000, 11) completed
2025/03/19 20:15:20 socat[45417] N write(7, 0x5d562ac72000, 11) completed
2025/03/19 20:15:21 socat[45417] N write(7, 0x5d562ac72000, 11) completed
2025/03/19 20:15:22 socat[45417] N write(7, 0x5d562ac72000, 11) completed
2025/03/19 20:15:23 socat[45417] N write(7, 0x5d562ac72000, 11) completed
2025/03/19 20:15:24 socat[45417] N write(7, 0x5d562ac72000, 11) completed
2025/03/19 20:15:25 socat[45417] N write(7, 0x5d562ac72000, 11) completed
2025/03/19 20:15:26 socat[45417] N write(7, 0x5d562ac72000, 11) completed
2025/03/19 20:15:27 socat[45417] N write(7, 0x5d562ac72000, 11) completed
2025/03/19 20:15:28 socat[45417] N write(7, 0x5d562ac72000, 11) completed
2025/03/19 20:15:29 socat[45417] N write(7, 0x5d562ac72000, 11) completed
2025/03/19 20:15:30 socat[45417] N write(7, 0x5d562ac72000, 11) completed
2025/03/19 20:15:31 socat[45417] N write(7, 0x5d562ac72000, 11) completed
2025/03/19 20:15:32 socat[45417] N write(7, 0x5d562ac72000, 11) completed
2025/03/19 20:15:33 socat[45417] N write(7, 0x5d562ac72000, 11) completed
2025/03/19 20:15:34 socat[45417] N write(7, 0x5d562ac72000, 11) completed
2025/03/19 20:15:35 socat[45417] N write(7, 0x5d562ac72000, 11) completed
2025/03/19 20:15:36 socat[45417] N write(7, 0x5d562ac72000, 11) completed
2025/03/19 20:15:37 socat[45417] N write(7, 0x5d562ac72000, 11) completed
2025/03/19 20:15:38 socat[45417] N write(7, 0x5d562ac72000, 11) completed
2025/03/19 20:15:39 socat[45417] N write(7, 0x5d562ac72000, 11) completed
2025/03/19 20:15:40 socat[45417] N write(7, 0x5d562ac72000, 11) completed
2025/03/19 20:15:41 socat[45417] N write(7, 0x5d562ac72000, 11) completed
2025/03/19 20:15:42 socat[45417] N write(7, 0x5d562ac72000, 11) completed
2025/03/19 20:15:43 socat[45417] N write(7, 0x5d562ac72000, 11) completed
2025/03/19 20:15:44 socat[45417] N write(7, 0x5d562ac72000, 11) completed
2025/03/19 20:15:45 socat[45417] N write(7, 0x5d562ac72000, 11) completed
2025/03/19 20:15:46 socat[45417] N write(7, 0x5d562ac72000, 11) completed
2025/03/19 20:15:47 socat[45417] N write(7, 0x5d562ac72000, 11) completed
2025/03/19 20:15:48 socat[45417] N write(7, 0x5d562ac72000, 11) completed
2025/03/19 20:15:49 socat[45417] N write(7, 0x5d562ac72000, 11) completed
2025/03/19 20:15:50 socat[45417] N write(7, 0x5d562ac72000, 11) completed
2025/03/19 20:15:51 socat[45417] N write(7, 0x5d562ac72000, 11) completed
2025/03/19 20:15:52 socat[45417] N write(7, 0x5d562ac72000, 11) completed
2025/03/19 20:15:53 socat[45417] N write(7, 0x5d562ac72000, 11) completed
2025/03/19 20:15:54 socat[45417] N write(7, 0x5d562ac72000, 11) completed
2025/03/19 20:15:55 socat[45417] N write(7, 0x5d562ac72000, 11) completed
2025/03/19 20:15:56 socat[45417] N write(7, 0x5d562ac72000, 11) completed
2025/03/19 20:15:57 socat[45417] N write(7, 0x5d562ac72000, 11) completed
2025/03/19 20:15:58 socat[45417] N write(7, 0x5d562ac72000, 11) completed
2025/03/19 20:15:59 socat[45417] N write(7, 0x5d562ac72000, 11) completed
2025/03/19 20:16:00 socat[45417] N write(7, 0x5d562ac72000, 11) completed
2025/03/19 20:16:01 socat[45417] N write(7, 0x5d562ac72000, 11) completed
2025/03/19 20:16:02 socat[45417] N write(7, 0x5d562ac72000, 11) completed
2025/03/19 20:16:03 socat[45417] N write(7, 0x5d562ac72000, 11) completed
2025/03/19 20:16:04 socat[45417] N write(7, 0x5d562ac72000, 11) completed
2025/03/19 20:16:05 socat[45417] N write(7, 0x5d562ac72000, 11) completed
2025/03/19 20:16:06 socat[45417] N write(7, 0x5d562ac72000, 11) completed
2025/03/19 20:16:07 socat[45417] N write(7, 0x5d562ac72000, 11) completed
2025/03/19 20:16:08 socat[45417] N write(7, 0x5d562ac72000, 11) completed
2025/03/19 20:16:09 socat[45417] N write(7, 0x5d562ac72000, 11) completed
2025/03/19 20:16:10 socat[45417] N write(7, 0x5d562ac72000, 11) completed
2025/03/19 20:16:11 socat[45417] N write(7, 0x5d562ac72000, 11) completed
2025/03/19 20:16:12 socat[45417] N write(7, 0x5d562ac72000, 11) completed
2025/03/19 20:16:13 socat[45417] N write(7, 0x5d562ac72000, 11) completed
2025/03/19 20:16:14 socat[45417] N write(7, 0x5d562ac72000, 11) completed
2025/03/19 20:16:15 socat[45417] N write(7, 0x5d562ac72000, 11) completed
2025/03/19 20:16:16 socat[45417] N write(7, 0x5d562ac72000, 11) completed
2025/03/19 20:16:17 socat[45417] N write(7, 0x5d562ac72000, 11) completed
2025/03/19 20:16:18 socat[45417] N write(7, 0x5d562ac72000, 11) completed
2025/03/19 20:16:19 socat[45417] N write(7, 0x5d562ac72000, 11) completed
2025/03/19 20:16:20 socat[45417] N write(7, 0x5d562ac72000, 11) completed
2025/03/19 20:16:21 socat[45417] N write(7, 0x5d562ac72000, 11) completed
2025/03/19 20:16:22 socat[45417] N write(7, 0x5d562ac72000, 11) completed
2025/03/19 20:16:23 socat[45417] N write(7, 0x5d562ac72000, 11) completed
2025/03/19 20:16:24 socat[45417] N write(7, 0x5d562ac72000, 11) completed
2025/03/19 20:16:25 socat[45417] N write(7, 0x5d562ac72000, 11) completed
2025/03/19 20:16:26 socat[45417] N write(7, 0x5d562ac72000, 11) completed
2025/03/19 20:16:27 socat[45417] N write(7, 0x5d562ac72000, 11) completed
2025/03/19 20:16:28 socat[45417] N write(7, 0x5d562ac72000, 11) completed
2025/03/19 20:16:29 socat[45417] N write(7, 0x5d562ac72000, 11) completed
2025/03/19 20:16:30 socat[45417] N write(7, 0x5d562ac72000, 11) completed
2025/03/19 20:16:31 socat[45417] N write(7, 0x5d562ac72000, 11) completed
2025/03/19 20:16:32 socat[45417] N write(7, 0x5d562ac72000, 11) completed
2025/03/19 20:16:33 socat[45417] N write(7, 0x5d562ac72000, 11) completed
2025/03/19 20:16:34 socat[45417] N write(7, 0x5d562ac72000, 11) completed
2025/03/19 20:16:35 socat[45417] N write(7, 0x5d562ac72000, 11) completed
2025/03/19 20:16:36 socat[45417] N write(7, 0x5d562ac72000, 11) completed
2025/03/19 20:16:37 socat[45417] N write(7, 0x5d562ac72000, 11) completed
2025/03/19 20:16:38 socat[45417] N write(7, 0x5d562ac72000, 11) completed
2025/03/19 20:16:39 socat[45417] N write(7, 0x5d562ac72000, 11) completed
2025/03/19 20:16:40 socat[45417] N write(7, 0x5d562ac72000, 11) completed
2025/03/19 20:16:41 socat[45417] N write(7, 0x5d562ac72000, 11) completed
2025/03/19 20:16:42 socat[45417] N write(7, 0x5d562ac72000, 11) completed
2025/03/19 20:16:43 socat[45417] N write(7, 0x5d562ac72000, 11) completed
2025/03/19 20:16:44 socat[45417] N write(7, 0x5d562ac72000, 11) completed
2025/03/19 20:16:45 socat[45417] N write(7, 0x5d562ac72000, 11) completed
2025/03/19 20:16:46 socat[45417] N write(7, 0x5d562ac72000, 11) completed
2025/03/19 20:16:47 socat[45417] N write(7, 0x5d562ac72000, 11) completed
2025/03/19 20:16:48 socat[45417] N write(7, 0x5d562ac72000, 11) completed
2025/03/19 20:16:49 socat[45417] N write(7, 0x5d562ac72000, 11) completed
2025/03/19 20:16:50 socat[45417] N write(7, 0x5d562ac72000, 11) completed
2025/03/19 20:16:51 socat[45417] N write(7, 0x5d562ac72000, 11) completed
2025/03/19 20:16:52 socat[45417] N write(7, 0x5d562ac72000, 11) completed
2025/03/19 20:16:53 socat[45417] N write(7, 0x5d562ac72000, 11) completed
2025/03/19 20:16:54 socat[45417] N write(7, 0x5d562ac72000, 11) completed
2025/03/19 20:16:55 socat[45417] N write(7, 0x5d562ac72000, 11) completed
2025/03/19 20:16:56 socat[45417] N write(7, 0x5d562ac72000, 11) completed
2025/03/19 20:16:57 socat[45417] N write(7, 0x5d562ac72000, 11) completed
2025/03/19 20:16:58 socat[45417] N write(7, 0x5d562ac72000, 11) completed
2025/03/19 20:16:59 socat[45417] N write(7, 0x5d562ac72000, 11) completed
2025/03/19 20:17:00 socat[45417] N write(7, 0x5d562ac72000, 11) completed
2025/03/19 20:17:01 socat[45417] N write(7, 0x5d562ac72000, 11) completed
2025/03/19 20:17:02 socat[45417] N write(7, 0x5d562ac72000, 11) completed
2025/03/19 20:17:03 socat[45417] N write(7, 0x5d562ac72000, 11) completed
2025/03/19 20:17:04 socat[45417] N write(7, 0x5d562ac72000, 11) completed
2025/03/19 20:17:05 socat[45417] N write(7, 0x5d562ac72000, 11) completed
2025/03/19 20:17:06 socat[45417] N write(7, 0x5d562ac72000, 11) completed
2025/03/19 20:17:07 socat[45417] N write(7, 0x5d562ac72000, 11) completed
2025/03/19 20:17:08 socat[45417] N write(7, 0x5d562ac72000, 11) completed
2025/03/19 20:17:09 socat[45417] N write(7, 0x5d562ac72000, 11) completed
2025/03/19 20:17:10 socat[45417] N write(7, 0x5d562ac72000, 11) completed
2025/03/19 20:17:11 socat[45417] N write(7, 0x5d562ac72000, 11) completed
2025/03/19 20:17:12 socat[45417] N write(7, 0x5d562ac72000, 11) completed
2025/03/19 20:17:13 socat[45417] N write(7, 0x5d562ac72000, 11) completed
2025/03/19 20:17:14 socat[45417] N write(7, 0x5d562ac72000, 11) completed
2025/03/19 20:17:15 socat[45417] N write(7, 0x5d562ac72000, 11) completed
2025/03/19 20:17:16 socat[45417] N write(7, 0x5d562ac72000, 11) completed
2025/03/19 20:17:17 socat[45417] N write(7, 0x5d562ac72000, 11) completed
2025/03/19 20:17:18 socat[45417] N write(7, 0x5d562ac72000, 11) completed
2025/03/19 20:17:18 socat[45417] N write(7, 0x5d562ac72000, 11) completed
2025/03/19 20:17:19 socat[45417] N write(7, 0x5d562ac72000, 11) completed
2025/03/19 20:17:19 socat[45417] N write(7, 0x5d562ac72000, 11) completed
2025/03/19 20:17:20 socat[45417] N write(7, 0x5d562ac72000, 11) completed
2025/03/19 20:17:20 socat[45417] N write(7, 0x5d562ac72000, 11) completed
2025/03/19 20:17:21 socat[45417] N write(7, 0x5d562ac72000, 11) completed
2025/03/19 20:17:21 socat[45417] N write(7, 0x5d562ac72000, 11) completed
2025/03/19 20:17:22 socat[45417] N write(7, 0x5d562ac72000, 11) completed
2025/03/19 20:17:22 socat[45417] N write(7, 0x5d562ac72000, 11) completed
2025/03/19 20:17:23 socat[45417] N write(7, 0x5d562ac72000, 11) completed
2025/03/19 20:17:23 socat[45417] N write(7, 0x5d562ac72000, 11) completed
2025/03/19 20:17:24 socat[45417] N write(7, 0x5d562ac72000, 11) completed
2025/03/19 20:17:24 socat[45417] N write(7, 0x5d562ac72000, 11) completed
2025/03/19 20:17:25 socat[45417] N write(7, 0x5d562ac72000, 11) completed
2025/03/19 20:17:25 socat[45417] N write(7, 0x5d562ac72000, 11) completed
2025/03/19 20:17:26 socat[45417] N write(7, 0x5d562ac72000, 11) completed
2025/03/19 20:17:26 socat[45417] N write(7, 0x5d562ac72000, 11) completed
2025/03/19 20:17:27 socat[45417] N write(7, 0x5d562ac72000, 11) completed
2025/03/19 20:17:27 socat[45417] N write(7, 0x5d562ac72000, 11) completed
2025/03/19 20:17:28 socat[45417] N write(7, 0x5d562ac72000, 11) completed
2025/03/19 20:17:28 socat[45417] N write(7, 0x5d562ac72000, 11) completed
2025/03/19 20:17:29 socat[45417] N write(7, 0x5d562ac72000, 11) completed
2025/03/19 20:17:29 socat[45417] N write(7, 0x5d562ac72000, 11) completed
2025/03/19 20:17:30 socat[45417] N write(7, 0x5d562ac72000, 11) completed
2025/03/19 20:17:30 socat[45417] N write(7, 0x5d562ac72000, 11) completed
2025/03/19 20:17:31 socat[45417] N write(7, 0x5d562ac72000, 11) completed
2025/03/19 20:17:31 socat[45417] N write(7, 0x5d562ac72000, 11) completed
2025/03/19 20:17:32 socat[45417] N write(7, 0x5d562ac72000, 11) completed
2025/03/19 20:17:32 socat[45417] N write(7, 0x5d562ac72000, 11) completed
2025/03/19 20:17:33 socat[45417] N write(7, 0x5d562ac72000, 11) completed
2025/03/19 20:17:33 socat[45417] N write(7, 0x5d562ac72000, 11) completed
2025/03/19 20:17:34 socat[45417] N write(7, 0x5d562ac72000, 11) completed
2025/03/19 20:17:34 socat[45417] N write(7, 0x5d562ac72000, 11) completed
2025/03/19 20:17:35 socat[45417] N write(7, 0x5d562ac72000, 11) completed
2025/03/19 20:17:35 socat[45417] N write(7, 0x5d562ac72000, 11) completed
2025/03/19 20:17:36 socat[45417] N write(7, 0x5d562ac72000, 11) completed
2025/03/19 20:17:36 socat[45417] N write(7, 0x5d562ac72000, 11) completed
2025/03/19 20:17:37 socat[45417] N write(7, 0x5d562ac72000, 11) completed
2025/03/19 20:17:37 socat[45417] N write(7, 0x5d562ac72000, 11) completed
2025/03/19 20:17:38 socat[45417] N write(7, 0x5d562ac72000, 11) completed
2025/03/19 20:17:39 socat[45417] N write(7, 0x5d562ac72000, 11) completed
2025/03/19 20:17:40 socat[45417] N write(7, 0x5d562ac72000, 11) completed
2025/03/19 20:17:41 socat[45417] N write(7, 0x5d562ac72000, 11) completed
2025/03/19 20:17:42 socat[45417] N write(7, 0x5d562ac72000, 11) completed
2025/03/19 20:17:43 socat[45417] N write(7, 0x5d562ac72000, 11) completed
2025/03/19 20:17:44 socat[45417] N write(7, 0x5d562ac72000, 11) completed
2025/03/19 20:17:45 socat[45417] N write(7, 0x5d562ac72000, 11) completed
2025/03/19 20:17:46 socat[45417] N write(7, 0x5d562ac72000, 11) completed
2025/03/19 20:17:47 socat[45417] N write(7, 0x5d562ac72000, 11) completed
2025/03/19 20:17:48 socat[45417] N write(7, 0x5d562ac72000, 11) completed
2025/03/19 20:17:49 socat[45417] N write(7, 0x5d562ac72000, 11) completed
2025/03/19 20:17:50 socat[45417] N write(7, 0x5d562ac72000, 11) completed
2025/03/19 20:17:51 socat[45417] N write(7, 0x5d562ac72000, 11) completed
2025/03/19 20:17:52 socat[45417] N write(7, 0x5d562ac72000, 11) completed
2025/03/19 20:17:53 socat[45417] N write(7, 0x5d562ac72000, 11) completed
2025/03/19 20:17:54 socat[45417] N write(7, 0x5d562ac72000, 11) completed
2025/03/19 20:17:55 socat[45417] N write(7, 0x5d562ac72000, 11) completed
2025/03/19 20:17:56 socat[45417] N write(7, 0x5d562ac72000, 11) completed
2025/03/19 20:17:57 socat[45417] N write(7, 0x5d562ac72000, 11) completed
2025/03/19 20:17:58 socat[45417] N write(7, 0x5d562ac72000, 11) completed
2025/03/19 20:17:59 socat[45417] N write(7, 0x5d562ac72000, 11) completed
2025/03/19 20:18:00 socat[45417] N write(7, 0x5d562ac72000, 11) completed
2025/03/19 20:18:01 socat[45417] N write(7, 0x5d562ac72000, 11) completed
2025/03/19 20:18:02 socat[45417] N write(7, 0x5d562ac72000, 11) completed
2025/03/19 20:18:03 socat[45417] N write(7, 0x5d562ac72000, 11) completed
2025/03/19 20:18:04 socat[45417] N write(7, 0x5d562ac72000, 11) completed
2025/03/19 20:18:05 socat[45417] N write(7, 0x5d562ac72000, 11) completed
2025/03/19 20:18:06 socat[45417] N write(7, 0x5d562ac72000, 11) completed
2025/03/19 20:18:07 socat[45417] N write(7, 0x5d562ac72000, 11) completed
2025/03/19 20:18:08 socat[45417] N write(7, 0x5d562ac72000, 11) completed
2025/03/19 20:18:09 socat[45417] N write(7, 0x5d562ac72000, 11) completed
2025/03/19 20:18:10 socat[45417] N write(7, 0x5d562ac72000, 11) completed
2025/03/19 20:18:11 socat[45417] N write(7, 0x5d562ac72000, 11) completed
2025/03/19 20:18:12 socat[45417] N write(7, 0x5d562ac72000, 11) completed
2025/03/19 20:18:13 socat[45417] N write(7, 0x5d562ac72000, 11) completed
2025/03/19 20:18:14 socat[45417] N write(7, 0x5d562ac72000, 11) completed
2025/03/19 20:18:15 socat[45417] N write(7, 0x5d562ac72000, 11) completed
2025/03/19 20:18:16 socat[45417] N write(7, 0x5d562ac72000, 11) completed
2025/03/19 20:18:17 socat[45417] N write(7, 0x5d562ac72000, 11) completed
2025/03/19 20:18:18 socat[45417] N write(7, 0x5d562ac72000, 11) completed
2025/03/19 20:18:19 socat[45417] N write(7, 0x5d562ac72000, 11) completed
2025/03/19 20:18:20 socat[45417] N write(7, 0x5d562ac72000, 11) completed
2025/03/19 20:18:21 socat[45417] N write(7, 0x5d562ac72000, 11) completed
2025/03/19 20:18:22 socat[45417] N write(7, 0x5d562ac72000, 11) completed
2025/03/19 20:18:23 socat[45417] N write(7, 0x5d562ac72000, 11) completed
2025/03/19 20:18:24 socat[45417] N write(7, 0x5d562ac72000, 11) completed
2025/03/19 20:18:25 socat[45417] N write(7, 0x5d562ac72000, 11) completed
2025/03/19 20:18:26 socat[45417] N write(7, 0x5d562ac72000, 11) completed
2025/03/19 20:18:27 socat[45417] N write(7, 0x5d562ac72000, 11) completed
2025/03/19 20:18:28 socat[45417] N write(7, 0x5d562ac72000, 11) completed
2025/03/19 20:18:29 socat[45417] N write(7, 0x5d562ac72000, 11) completed
2025/03/19 20:18:30 socat[45417] N write(7, 0x5d562ac72000, 11) completed
2025/03/19 20:18:31 socat[45417] N write(7, 0x5d562ac72000, 11) completed
2025/03/19 20:18:32 socat[45417] N write(7, 0x5d562ac72000, 11) completed
2025/03/19 20:18:33 socat[45417] N write(7, 0x5d562ac72000, 11) completed
2025/03/19 20:18:34 socat[45417] N write(7, 0x5d562ac72000, 11) completed
2025/03/19 20:18:35 socat[45417] N write(7, 0x5d562ac72000, 11) completed
2025/03/19 20:18:36 socat[45417] N write(7, 0x5d562ac72000, 11) completed
2025/03/19 20:18:37 socat[45417] N write(7, 0x5d562ac72000, 11) completed
2025/03/19 20:18:38 socat[45417] N write(7, 0x5d562ac72000, 11) completed
2025/03/19 20:18:39 socat[45417] N write(7, 0x5d562ac72000, 11) completed
2025/03/19 20:18:40 socat[45417] N write(7, 0x5d562ac72000, 11) completed
2025/03/19 20:18:41 socat[45417] N write(7, 0x5d562ac72000, 11) completed
2025/03/19 20:18:42 socat[45417] N write(7, 0x5d562ac72000, 11) completed
2025/03/19 20:18:43 socat[45417] N write(7, 0x5d562ac72000, 11) completed
2025/03/19 20:18:44 socat[45417] N write(7, 0x5d562ac72000, 11) completed
2025/03/19 20:18:45 socat[45417] N write(7, 0x5d562ac72000, 11) completed
2025/03/19 20:18:46 socat[45417] N write(7, 0x5d562ac72000, 11) completed
2025/03/19 20:18:47 socat[45417] N write(7, 0x5d562ac72000, 11) completed
2025/03/19 20:18:48 socat[45417] N write(7, 0x5d562ac72000, 11) completed
2025/03/19 20:18:49 socat[45417] N write(7, 0x5d562ac72000, 11) completed
2025/03/19 20:18:50 socat[45417] N write(7, 0x5d562ac72000, 11) completed
2025/03/19 20:18:51 socat[45417] N write(7, 0x5d562ac72000, 11) completed
2025/03/19 20:18:52 socat[45417] N write(7, 0x5d562ac72000, 11) completed
2025/03/19 20:18:53 socat[45417] N write(7, 0x5d562ac72000, 11) completed
2025/03/19 20:18:54 socat[45417] N write(7, 0x5d562ac72000, 11) completed
2025/03/19 20:18:55 socat[45417] N write(7, 0x5d562ac72000, 11) completed
2025/03/19 20:18:56 socat[45417] N write(7, 0x5d562ac72000, 11) completed
2025/03/19 20:18:57 socat[45417] N write(7, 0x5d562ac72000, 11) completed
2025/03/19 20:18:57 socat[45417] N write(7, 0x5d562ac72000, 8) completed
2025/03/19 20:18:58 socat[45417] N write(7, 0x5d562ac72000, 11) completed
2025/03/19 20:18:59 socat[45417] N write(7, 0x5d562ac72000, 11) completed
2025/03/19 20:19:00 socat[45417] N write(7, 0x5d562ac72000, 11) completed
2025/03/19 20:19:01 socat[45417] N write(7, 0x5d562ac72000, 11) completed
2025/03/19 20:19:02 socat[45417] N write(7, 0x5d562ac72000, 11) completed
2025/03/19 20:19:03 socat[45417] N write(7, 0x5d562ac72000, 11) completed
2025/03/19 20:19:04 socat[45417] N write(7, 0x5d562ac72000, 11) completed
2025/03/19 20:19:05 socat[45417] N write(7, 0x5d562ac72000, 11) completed
2025/03/19 20:19:06 socat[45417] N write(7, 0x5d562ac72000, 18) completed
2025/03/19 20:19:06 socat[45417] N write(7, 0x5d562ac72000, 11) completed
2025/03/19 20:19:07 socat[45417] N write(7, 0x5d562ac72000, 11) completed
2025/03/19 20:19:08 socat[45417] N write(7, 0x5d562ac72000, 11) completed
2025/03/19 20:19:09 socat[45417] N write(7, 0x5d562ac72000, 11) completed
2025/03/19 20:19:10 socat[45417] N write(7, 0x5d562ac72000, 11) completed
2025/03/19 20:19:11 socat[45417] N write(7, 0x5d562ac72000, 11) completed
2025/03/19 20:19:12 socat[45417] N write(7, 0x5d562ac72000, 11) completed
2025/03/19 20:19:13 socat[45417] N write(7, 0x5d562ac72000, 11) completed
2025/03/19 20:19:14 socat[45417] N write(7, 0x5d562ac72000, 11) completed
2025/03/19 20:19:15 socat[45417] N write(7, 0x5d562ac72000, 11) completed
2025/03/19 20:19:16 socat[45417] N write(7, 0x5d562ac72000, 11) completed
2025/03/19 20:19:17 socat[45417] N write(7, 0x5d562ac72000, 11) completed
2025/03/19 20:19:18 socat[45417] N write(7, 0x5d562ac72000, 11) completed
2025/03/19 20:19:19 socat[45417] N write(7, 0x5d562ac72000, 11) completed
2025/03/19 20:19:20 socat[45417] N write(7, 0x5d562ac72000, 11) completed
2025/03/19 20:19:21 socat[45417] N write(7, 0x5d562ac72000, 11) completed
2025/03/19 20:19:22 socat[45417] N write(7, 0x5d562ac72000, 11) completed
2025/03/19 20:19:23 socat[45417] N write(7, 0x5d562ac72000, 11) completed
2025/03/19 20:19:24 socat[45417] N write(7, 0x5d562ac72000, 11) completed
2025/03/19 20:19:25 socat[45417] N write(7, 0x5d562ac72000, 11) completed
2025/03/19 20:19:26 socat[45417] N write(7, 0x5d562ac72000, 11) completed
2025/03/19 20:19:27 socat[45417] N write(7, 0x5d562ac72000, 11) completed
2025/03/19 20:19:28 socat[45417] N write(7, 0x5d562ac72000, 11) completed
2025/03/19 20:19:29 socat[45417] N write(7, 0x5d562ac72000, 11) completed
2025/03/19 20:19:30 socat[45417] N write(7, 0x5d562ac72000, 11) completed
2025/03/19 20:19:31 socat[45417] N write(7, 0x5d562ac72000, 11) completed
2025/03/19 20:19:32 socat[45417] N write(7, 0x5d562ac72000, 11) completed
2025/03/19 20:19:33 socat[45417] N write(7, 0x5d562ac72000, 11) completed
2025/03/19 20:19:34 socat[45417] N write(7, 0x5d562ac72000, 11) completed
2025/03/19 20:19:35 socat[45417] N write(7, 0x5d562ac72000, 11) completed
2025/03/19 20:19:36 socat[45417] N write(7, 0x5d562ac72000, 11) completed
2025/03/19 20:19:37 socat[45417] N write(7, 0x5d562ac72000, 11) completed
2025/03/19 20:19:38 socat[45417] N write(7, 0x5d562ac72000, 11) completed
2025/03/19 20:19:39 socat[45417] N write(7, 0x5d562ac72000, 11) completed
2025/03/19 20:19:40 socat[45417] N write(7, 0x5d562ac72000, 11) completed
2025/03/19 20:19:40 socat[45417] N write(7, 0x5d562ac72000, 11) completed
2025/03/19 20:19:41 socat[45417] N write(7, 0x5d562ac72000, 11) completed
2025/03/19 20:19:42 socat[45417] N write(7, 0x5d562ac72000, 11) completed
2025/03/19 20:19:42 socat[45417] N write(7, 0x5d562ac72000, 3) completed
2025/03/19 20:19:43 socat[45417] N write(7, 0x5d562ac72000, 11) completed
2025/03/19 20:19:44 socat[45417] N write(7, 0x5d562ac72000, 11) completed
2025/03/19 20:19:45 socat[45417] N write(7, 0x5d562ac72000, 11) completed
2025/03/19 20:19:46 socat[45417] N write(7, 0x5d562ac72000, 11) completed
2025/03/19 20:19:47 socat[45417] N write(7, 0x5d562ac72000, 11) completed
2025/03/19 20:19:48 socat[45417] N write(7, 0x5d562ac72000, 11) completed
2025/03/19 20:19:49 socat[45417] N write(7, 0x5d562ac72000, 11) completed
2025/03/19 20:19:50 socat[45417] N write(7, 0x5d562ac72000, 11) completed
2025/03/19 20:19:51 socat[45417] N write(7, 0x5d562ac72000, 11) completed
2025/03/19 20:19:52 socat[45417] N write(7, 0x5d562ac72000, 11) completed
2025/03/19 20:19:53 socat[45417] N write(7, 0x5d562ac72000, 11) completed
2025/03/19 20:19:54 socat[45417] N write(7, 0x5d562ac72000, 11) completed
2025/03/19 20:19:55 socat[45417] N write(7, 0x5d562ac72000, 11) completed
2025/03/19 20:19:56 socat[45417] N write(7, 0x5d562ac72000, 11) completed
2025/03/19 20:19:57 socat[45417] N write(7, 0x5d562ac72000, 11) completed
2025/03/19 20:19:58 socat[45417] N write(7, 0x5d562ac72000, 11) completed
2025/03/19 20:19:59 socat[45417] N write(7, 0x5d562ac72000, 11) completed
2025/03/19 20:20:00 socat[45417] N write(7, 0x5d562ac72000, 11) completed
2025/03/19 20:20:01 socat[45417] N write(7, 0x5d562ac72000, 11) completed
2025/03/19 20:20:02 socat[45417] N write(7, 0x5d562ac72000, 11) completed
2025/03/19 20:20:03 socat[45417] N write(7, 0x5d562ac72000, 11) completed
2025/03/19 20:20:04 socat[45417] N write(7, 0x5d562ac72000, 11) completed
2025/03/19 20:20:05 socat[45417] N write(7, 0x5d562ac72000, 11) completed
2025/03/19 20:20:06 socat[45417] N write(7, 0x5d562ac72000, 11) completed
2025/03/19 20:20:07 socat[45417] N write(7, 0x5d562ac72000, 11) completed
2025/03/19 20:20:08 socat[45417] N write(7, 0x5d562ac72000, 11) completed
2025/03/19 20:20:09 socat[45417] N write(7, 0x5d562ac72000, 11) completed
2025/03/19 20:20:10 socat[45417] N write(7, 0x5d562ac72000, 11) completed
2025/03/19 20:20:11 socat[45417] N write(7, 0x5d562ac72000, 11) completed
2025/03/19 20:20:12 socat[45417] N write(7, 0x5d562ac72000, 11) completed
2025/03/19 20:20:13 socat[45417] N write(7, 0x5d562ac72000, 11) completed
2025/03/19 20:20:14 socat[45417] N write(7, 0x5d562ac72000, 11) completed
2025/03/19 20:20:15 socat[45417] N write(7, 0x5d562ac72000, 11) completed
2025/03/19 20:20:16 socat[45417] N write(7, 0x5d562ac72000, 11) completed
2025/03/19 20:20:17 socat[45417] N write(7, 0x5d562ac72000, 11) completed
2025/03/19 20:20:18 socat[45417] N write(7, 0x5d562ac72000, 11) completed
2025/03/19 20:20:19 socat[45417] N write(7, 0x5d562ac72000, 11) completed
2025/03/19 20:20:20 socat[45417] N write(7, 0x5d562ac72000, 11) completed
2025/03/19 20:20:21 socat[45417] N write(7, 0x5d562ac72000, 11) completed
2025/03/19 20:20:22 socat[45417] N write(7, 0x5d562ac72000, 11) completed
2025/03/19 20:20:23 socat[45417] N write(7, 0x5d562ac72000, 11) completed
2025/03/19 20:20:24 socat[45417] N write(7, 0x5d562ac72000, 11) completed
2025/03/19 20:20:25 socat[45417] N write(7, 0x5d562ac72000, 11) completed
2025/03/19 20:20:26 socat[45417] N write(7, 0x5d562ac72000, 11) completed
2025/03/19 20:20:27 socat[45417] N write(7, 0x5d562ac72000, 11) completed
2025/03/19 20:20:28 socat[45417] N write(7, 0x5d562ac72000, 11) completed
2025/03/19 20:20:29 socat[45417] N write(7, 0x5d562ac72000, 11) completed
2025/03/19 20:20:30 socat[45417] N write(7, 0x5d562ac72000, 11) completed
2025/03/19 20:20:31 socat[45417] N write(7, 0x5d562ac72000, 11) completed
2025/03/19 20:20:32 socat[45417] N write(7, 0x5d562ac72000, 11) completed
2025/03/19 20:20:33 socat[45417] N write(7, 0x5d562ac72000, 11) completed
2025/03/19 20:20:34 socat[45417] N write(7, 0x5d562ac72000, 11) completed
2025/03/19 20:20:35 socat[45417] N write(7, 0x5d562ac72000, 11) completed
2025/03/19 20:20:36 socat[45417] N write(7, 0x5d562ac72000, 11) completed
2025/03/19 20:20:37 socat[45417] N write(7, 0x5d562ac72000, 11) completed
2025/03/19 20:20:38 socat[45417] N write(7, 0x5d562ac72000, 8) completed
2025/03/19 20:20:38 socat[45417] N write(7, 0x5d562ac72000, 11) completed
2025/03/19 20:20:39 socat[45417] N write(7, 0x5d562ac72000, 11) completed
2025/03/19 20:20:40 socat[45417] N write(7, 0x5d562ac72000, 11) completed
2025/03/19 20:20:41 socat[45417] N write(7, 0x5d562ac72000, 11) completed
2025/03/19 20:20:42 socat[45417] N write(7, 0x5d562ac72000, 11) completed
2025/03/19 20:20:43 socat[45417] N write(7, 0x5d562ac72000, 11) completed
2025/03/19 20:20:44 socat[45417] N write(7, 0x5d562ac72000, 11) completed
2025/03/19 20:20:45 socat[45417] N write(7, 0x5d562ac72000, 11) completed
2025/03/19 20:20:46 socat[45417] N write(7, 0x5d562ac72000, 11) completed
2025/03/19 20:20:47 socat[45417] N write(7, 0x5d562ac72000, 11) completed
2025/03/19 20:20:48 socat[45417] N write(7, 0x5d562ac72000, 11) completed
2025/03/19 20:20:49 socat[45417] N write(7, 0x5d562ac72000, 11) completed
2025/03/19 20:20:50 socat[45417] N write(7, 0x5d562ac72000, 11) completed
2025/03/19 20:20:51 socat[45417] N write(7, 0x5d562ac72000, 11) completed
2025/03/19 20:20:52 socat[45417] N write(7, 0x5d562ac72000, 11) completed
2025/03/19 20:20:53 socat[45417] N write(7, 0x5d562ac72000, 11) completed
2025/03/19 20:20:54 socat[45417] N write(7, 0x5d562ac72000, 11) completed
2025/03/19 20:20:55 socat[45417] N write(7, 0x5d562ac72000, 11) completed
2025/03/19 20:20:56 socat[45417] N write(7, 0x5d562ac72000, 11) completed
2025/03/19 20:20:57 socat[45417] N write(7, 0x5d562ac72000, 11) completed
2025/03/19 20:20:58 socat[45417] N write(7, 0x5d562ac72000, 11) completed
2025/03/19 20:20:59 socat[45417] N write(7, 0x5d562ac72000, 11) completed
2025/03/19 20:21:00 socat[45417] N write(7, 0x5d562ac72000, 11) completed
2025/03/19 20:21:01 socat[45417] N write(7, 0x5d562ac72000, 11) completed
2025/03/19 20:21:02 socat[45417] N write(7, 0x5d562ac72000, 11) completed
2025/03/19 20:21:03 socat[45417] N write(7, 0x5d562ac72000, 11) completed
2025/03/19 20:21:04 socat[45417] N write(7, 0x5d562ac72000, 11) completed
2025/03/19 20:21:05 socat[45417] N write(7, 0x5d562ac72000, 11) completed
2025/03/19 20:21:06 socat[45417] N write(7, 0x5d562ac72000, 11) completed
2025/03/19 20:21:07 socat[45417] N write(7, 0x5d562ac72000, 11) completed
2025/03/19 20:21:08 socat[45417] N write(7, 0x5d562ac72000, 11) completed
2025/03/19 20:21:09 socat[45417] N write(7, 0x5d562ac72000, 11) completed
2025/03/19 20:21:10 socat[45417] N write(7, 0x5d562ac72000, 11) completed
2025/03/19 20:21:11 socat[45417] N write(7, 0x5d562ac72000, 11) completed
2025/03/19 20:21:12 socat[45417] N write(7, 0x5d562ac72000, 11) completed
2025/03/19 20:21:13 socat[45417] N write(7, 0x5d562ac72000, 11) completed
2025/03/19 20:21:14 socat[45417] N write(7, 0x5d562ac72000, 11) completed
2025/03/19 20:21:15 socat[45417] N write(7, 0x5d562ac72000, 11) completed
2025/03/19 20:21:16 socat[45417] N write(7, 0x5d562ac72000, 10) completed
2025/03/19 20:21:16 socat[45417] N write(7, 0x5d562ac72000, 11) completed
2025/03/19 20:21:17 socat[45417] N write(7, 0x5d562ac72000, 11) completed
2025/03/19 20:21:18 socat[45417] N write(7, 0x5d562ac72000, 11) completed
2025/03/19 20:21:19 socat[45417] N write(7, 0x5d562ac72000, 11) completed
2025/03/19 20:21:20 socat[45417] N write(7, 0x5d562ac72000, 11) completed
2025/03/19 20:21:21 socat[45417] N write(7, 0x5d562ac72000, 11) completed
2025/03/19 20:21:22 socat[45417] N write(7, 0x5d562ac72000, 11) completed
2025/03/19 20:21:23 socat[45417] N write(7, 0x5d562ac72000, 11) completed
2025/03/19 20:21:24 socat[45417] N write(7, 0x5d562ac72000, 11) completed
2025/03/19 20:21:25 socat[45417] N write(7, 0x5d562ac72000, 11) completed
2025/03/19 20:21:26 socat[45417] N write(7, 0x5d562ac72000, 11) completed
2025/03/19 20:21:27 socat[45417] N write(7, 0x5d562ac72000, 11) completed
2025/03/19 20:21:28 socat[45417] N write(7, 0x5d562ac72000, 11) completed
2025/03/19 20:21:29 socat[45417] N write(7, 0x5d562ac72000, 11) completed
2025/03/19 20:21:30 socat[45417] N write(7, 0x5d562ac72000, 11) completed
2025/03/19 20:21:31 socat[45417] N write(7, 0x5d562ac72000, 11) completed
2025/03/19 20:21:32 socat[45417] N write(7, 0x5d562ac72000, 11) completed
2025/03/19 20:21:33 socat[45417] N write(7, 0x5d562ac72000, 11) completed
2025/03/19 20:21:34 socat[45417] N write(7, 0x5d562ac72000, 11) completed
2025/03/19 20:21:35 socat[45417] N write(7, 0x5d562ac72000, 11) completed
2025/03/19 20:21:36 socat[45417] N write(7, 0x5d562ac72000, 11) completed
2025/03/19 20:21:37 socat[45417] N write(7, 0x5d562ac72000, 11) completed
2025/03/19 20:21:38 socat[45417] N write(7, 0x5d562ac72000, 11) completed
2025/03/19 20:21:39 socat[45417] N write(7, 0x5d562ac72000, 11) completed
2025/03/19 20:21:40 socat[45417] N write(7, 0x5d562ac72000, 11) completed
2025/03/19 20:21:41 socat[45417] N write(7, 0x5d562ac72000, 11) completed
2025/03/19 20:21:42 socat[45417] N write(7, 0x5d562ac72000, 11) completed
2025/03/19 20:21:43 socat[45417] N write(7, 0x5d562ac72000, 11) completed
2025/03/19 20:21:44 socat[45417] N write(7, 0x5d562ac72000, 11) completed
2025/03/19 20:21:45 socat[45417] N write(7, 0x5d562ac72000, 11) completed
2025/03/19 20:21:46 socat[45417] N write(7, 0x5d562ac72000, 11) completed
2025/03/19 20:21:47 socat[45417] N write(7, 0x5d562ac72000, 11) completed
2025/03/19 20:21:48 socat[45417] N write(7, 0x5d562ac72000, 11) completed
2025/03/19 20:21:49 socat[45417] N write(7, 0x5d562ac72000, 11) completed
2025/03/19 20:21:50 socat[45417] N write(7, 0x5d562ac72000, 11) completed
2025/03/19 20:21:51 socat[45417] N write(7, 0x5d562ac72000, 11) completed
2025/03/19 20:21:52 socat[45417] N write(7, 0x5d562ac72000, 11) completed
2025/03/19 20:21:53 socat[45417] N write(7, 0x5d562ac72000, 11) completed
2025/03/19 20:21:54 socat[45417] N write(7, 0x5d562ac72000, 11) completed
2025/03/19 20:21:55 socat[45417] N write(7, 0x5d562ac72000, 11) completed
2025/03/19 20:21:56 socat[45417] N write(7, 0x5d562ac72000, 11) completed
2025/03/19 20:21:57 socat[45417] N write(7, 0x5d562ac72000, 11) completed
2025/03/19 20:21:58 socat[45417] N write(7, 0x5d562ac72000, 11) completed
2025/03/19 20:21:59 socat[45417] N write(7, 0x5d562ac72000, 11) completed
2025/03/19 20:22:00 socat[45417] N write(7, 0x5d562ac72000, 11) completed
2025/03/19 20:22:01 socat[45417] N write(7, 0x5d562ac72000, 11) completed
2025/03/19 20:22:02 socat[45417] N write(7, 0x5d562ac72000, 11) completed
2025/03/19 20:22:03 socat[45417] N write(7, 0x5d562ac72000, 11) completed
2025/03/19 20:22:04 socat[45417] N write(7, 0x5d562ac72000, 11) completed
2025/03/19 20:22:05 socat[45417] N write(7, 0x5d562ac72000, 11) completed
2025/03/19 20:22:06 socat[45417] N write(7, 0x5d562ac72000, 11) completed
2025/03/19 20:22:07 socat[45417] N write(7, 0x5d562ac72000, 11) completed
2025/03/19 20:22:08 socat[45417] N write(7, 0x5d562ac72000, 11) completed
2025/03/19 20:22:09 socat[45417] N write(7, 0x5d562ac72000, 11) completed
2025/03/19 20:22:10 socat[45417] N write(7, 0x5d562ac72000, 11) completed
2025/03/19 20:22:11 socat[45417] N write(7, 0x5d562ac72000, 11) completed
2025/03/19 20:22:12 socat[45417] N write(7, 0x5d562ac72000, 11) completed
2025/03/19 20:22:13 socat[45417] N write(7, 0x5d562ac72000, 11) completed
2025/03/19 20:22:14 socat[45417] N write(7, 0x5d562ac72000, 11) completed
2025/03/19 20:22:15 socat[45417] N write(7, 0x5d562ac72000, 11) completed
2025/03/19 20:22:16 socat[45417] N write(7, 0x5d562ac72000, 11) completed
2025/03/19 20:22:17 socat[45417] N write(7, 0x5d562ac72000, 11) completed
2025/03/19 20:22:18 socat[45417] N write(7, 0x5d562ac72000, 11) completed
2025/03/19 20:22:19 socat[45417] N write(7, 0x5d562ac72000, 11) completed
2025/03/19 20:22:20 socat[45417] N write(7, 0x5d562ac72000, 11) completed
2025/03/19 20:22:21 socat[45417] N write(7, 0x5d562ac72000, 11) completed
2025/03/19 20:22:22 socat[45417] N write(7, 0x5d562ac72000, 11) completed
2025/03/19 20:22:23 socat[45417] N write(7, 0x5d562ac72000, 11) completed
2025/03/19 20:22:24 socat[45417] N write(7, 0x5d562ac72000, 11) completed
2025/03/19 20:22:25 socat[45417] N write(7, 0x5d562ac72000, 11) completed
2025/03/19 20:22:26 socat[45417] N write(7, 0x5d562ac72000, 11) completed
2025/03/19 20:22:27 socat[45417] N write(7, 0x5d562ac72000, 11) completed
2025/03/19 20:22:28 socat[45417] N write(7, 0x5d562ac72000, 11) completed
2025/03/19 20:22:29 socat[45417] N write(7, 0x5d562ac72000, 11) completed
2025/03/19 20:22:30 socat[45417] N write(7, 0x5d562ac72000, 11) completed
2025/03/19 20:22:31 socat[45417] N write(7, 0x5d562ac72000, 11) completed
2025/03/19 20:22:32 socat[45417] N write(7, 0x5d562ac72000, 11) completed
2025/03/19 20:22:33 socat[45417] N write(7, 0x5d562ac72000, 11) completed
2025/03/19 20:22:34 socat[45417] N write(7, 0x5d562ac72000, 11) completed
2025/03/19 20:22:35 socat[45417] N write(7, 0x5d562ac72000, 11) completed
2025/03/19 20:22:36 socat[45417] N write(7, 0x5d562ac72000, 11) completed
2025/03/19 20:22:36 socat[50358] N PTY is /dev/pts/12
2025/03/19 20:22:36 socat[50358] N PTY is /dev/pts/13
2025/03/19 20:22:36 socat[50358] N starting data transfer loop with FDs [5,5] and [7,7]
2025/03/19 20:22:37 socat[45417] N write(7, 0x5d562ac72000, 11) completed
2025/03/19 20:22:38 socat[45417] N write(7, 0x5d562ac72000, 11) completed
2025/03/19 20:22:39 socat[45417] N write(7, 0x5d562ac72000, 11) completed
2025/03/19 20:22:40 socat[45417] N write(7, 0x5d562ac72000, 11) completed
2025/03/19 20:22:41 socat[45417] N write(7, 0x5d562ac72000, 11) completed
2025/03/19 20:22:42 socat[45417] N write(7, 0x5d562ac72000, 11) completed
2025/03/19 20:22:43 socat[45417] N write(7, 0x5d562ac72000, 11) completed
2025/03/19 20:22:44 socat[45417] N write(7, 0x5d562ac72000, 11) completed
2025/03/19 20:22:45 socat[45417] N write(7, 0x5d562ac72000, 11) completed
2025/03/19 20:22:46 socat[45417] N write(7, 0x5d562ac72000, 11) completed
2025/03/19 20:22:46 socat[50358] N socat_signal(): handling signal 15
2025/03/19 20:22:46 socat[45417] N socat_signal(): handling signal 15
2025/03/19 20:22:46 socat[50358] W exiting on signal 15
2025/03/19 20:22:46 socat[50358] N socat_signal(): finishing signal 15
2025/03/19 20:22:46 socat[45417] W exiting on signal 15
2025/03/19 20:22:46 socat[50358] N exit(143)
2025/03/19 20:22:46 socat[45417] N socat_signal(): finishing signal 15
2025/03/19 20:22:46 socat[45417] N exit(143)
2025/03/19 20:22:51 socat[50630] N PTY is /dev/pts/11
2025/03/19 20:22:51 socat[50630] N PTY is /dev/pts/12
2025/03/19 20:22:51 socat[50630] N starting data transfer loop with FDs [5,5] and [7,7]
2025/03/19 20:22:59 socat[50630] N socat_signal(): handling signal 15
2025/03/19 20:22:59 socat[50630] W exiting on signal 15
2025/03/19 20:22:59 socat[50630] N socat_signal(): finishing signal 15
2025/03/19 20:22:59 socat[50630] N exit(143)
2025/03/19 20:23:26 socat[51128] N PTY is /dev/pts/11
2025/03/19 20:23:26 socat[51128] N PTY is /dev/pts/12
2025/03/19 20:23:26 socat[51128] N starting data transfer loop with FDs [5,5] and [7,7]
2025/03/19 20:24:04 socat[51598] N PTY is /dev/pts/13
2025/03/19 20:24:04 socat[51598] N PTY is /dev/pts/14
2025/03/19 20:24:04 socat[51598] N starting data transfer loop with FDs [5,5] and [7,7]
2025/03/19 20:26:33 socat[51598] N socat_signal(): handling signal 15
2025/03/19 20:26:33 socat[51128] N socat_signal(): handling signal 15
2025/03/19 20:26:33 socat[51598] W exiting on signal 15
2025/03/19 20:26:33 socat[51598] N socat_signal(): finishing signal 15
2025/03/19 20:26:33 socat[51128] W exiting on signal 15
2025/03/19 20:26:33 socat[51598] N exit(143)
2025/03/19 20:26:33 socat[51128] N socat_signal(): finishing signal 15
2025/03/19 20:26:33 socat[51128] N exit(143)
2025/03/19 20:26:44 socat[53554] N PTY is /dev/pts/11
2025/03/19 20:26:44 socat[53554] N PTY is /dev/pts/12
2025/03/19 20:26:44 socat[53554] N starting data transfer loop with FDs [5,5] and [7,7]
2025/03/19 20:29:11 socat[53554] N socat_signal(): handling signal 15
2025/03/19 20:29:11 socat[53554] W exiting on signal 15
2025/03/19 20:29:11 socat[53554] N socat_signal(): finishing signal 15
2025/03/19 20:29:11 socat[53554] N exit(143)
2025/03/19 20:29:25 socat[55595] N PTY is /dev/pts/11
2025/03/19 20:29:25 socat[55595] N PTY is /dev/pts/12
2025/03/19 20:29:25 socat[55595] N starting data transfer loop with FDs [5,5] and [7,7]
